<?xml version="1.0" encoding="UTF-8"?>
<testng-results skipped="0" failed="0" total="7" passed="7">
  <reporter-output>
    <line>
      <![CDATA[Chrome]]>
    </line>
    <line>
      <![CDATA[94.0.4606.61]]>
    </line>
    <line>
      <![CDATA[E:\zap\backend\uploads\opal\manjunathpro\manjunathpl\projectToRun\.\Screenshot\EachStepScreenshot\100_Suite1\sID886\step_0.png]]>
    </line>
    <line>
      <![CDATA[Chrome]]>
    </line>
    <line>
      <![CDATA[94.0.4606.61]]>
    </line>
    <line>
      <![CDATA[E:\zap\backend\uploads\opal\manjunathpro\manjunathpl\projectToRun\.\Screenshot\EachStepScreenshot\100_Suite1\sID886\step_1.png]]>
    </line>
    <line>
      <![CDATA[Chrome]]>
    </line>
    <line>
      <![CDATA[94.0.4606.61]]>
    </line>
    <line>
      <![CDATA[E:\zap\backend\uploads\opal\manjunathpro\manjunathpl\projectToRun\.\Screenshot\EachStepScreenshot\100_Suite1\sID886\step_2.png]]>
    </line>
    <line>
      <![CDATA[Chrome]]>
    </line>
    <line>
      <![CDATA[94.0.4606.61]]>
    </line>
    <line>
      <![CDATA[E:\zap\backend\uploads\opal\manjunathpro\manjunathpl\projectToRun\.\Screenshot\EachStepScreenshot\100_Suite1\sID886\step_3.png]]>
    </line>
    <line>
      <![CDATA[Chrome]]>
    </line>
    <line>
      <![CDATA[94.0.4606.61]]>
    </line>
    <line>
      <![CDATA[E:\zap\backend\uploads\opal\manjunathpro\manjunathpl\projectToRun\.\Screenshot\EachStepScreenshot\100_Suite1\sID886\step_4.png]]>
    </line>
    <line>
      <![CDATA[Chrome]]>
    </line>
    <line>
      <![CDATA[94.0.4606.61]]>
    </line>
    <line>
      <![CDATA[E:\zap\backend\uploads\opal\manjunathpro\manjunathpl\projectToRun\.\Screenshot\EachStepScreenshot\100_Suite1\sID886\step_5.png]]>
    </line>
    <line>
      <![CDATA[Chrome]]>
    </line>
    <line>
      <![CDATA[94.0.4606.61]]>
    </line>
    <line>
      <![CDATA[E:\zap\backend\uploads\opal\manjunathpro\manjunathpl\projectToRun\.\Screenshot\EachStepScreenshot\100_Suite1\sID886\step_6.png]]>
    </line>
  </reporter-output>
  <suite name="Suite" duration-ms="124271" started-at="2023-08-01T06:17:23Z" finished-at="2023-08-01T06:19:27Z">
    <groups>
    </groups>
    <test name="Test" duration-ms="124271" started-at="2023-08-01T06:17:23Z" finished-at="2023-08-01T06:19:27Z">
      <class name="mID642.fID681.sID886">
        <test-method status="PASS" signature="step_0()[pri:0, instance:mID642.fID681.sID886@4566e5bd]" name="step_0" duration-ms="17354" started-at="2023-08-01T11:47:23Z" finished-at="2023-08-01T11:47:40Z">
          <reporter-output>
            <line>
              <![CDATA[Chrome]]>
            </line>
            <line>
              <![CDATA[94.0.4606.61]]>
            </line>
            <line>
              <![CDATA[E:\zap\backend\uploads\opal\manjunathpro\manjunathpl\projectToRun\.\Screenshot\EachStepScreenshot\100_Suite1\sID886\step_0.png]]>
            </line>
          </reporter-output>
        </test-method> <!-- step_0 -->
        <test-method status="PASS" signature="step_1()[pri:0, instance:mID642.fID681.sID886@4566e5bd]" name="step_1" duration-ms="14768" started-at="2023-08-01T11:47:40Z" finished-at="2023-08-01T11:47:55Z">
          <reporter-output>
            <line>
              <![CDATA[Chrome]]>
            </line>
            <line>
              <![CDATA[94.0.4606.61]]>
            </line>
            <line>
              <![CDATA[E:\zap\backend\uploads\opal\manjunathpro\manjunathpl\projectToRun\.\Screenshot\EachStepScreenshot\100_Suite1\sID886\step_1.png]]>
            </line>
          </reporter-output>
        </test-method> <!-- step_1 -->
        <test-method status="PASS" signature="step_2()[pri:0, instance:mID642.fID681.sID886@4566e5bd]" name="step_2" duration-ms="2562" started-at="2023-08-01T11:47:55Z" finished-at="2023-08-01T11:47:57Z">
          <reporter-output>
            <line>
              <![CDATA[Chrome]]>
            </line>
            <line>
              <![CDATA[94.0.4606.61]]>
            </line>
            <line>
              <![CDATA[E:\zap\backend\uploads\opal\manjunathpro\manjunathpl\projectToRun\.\Screenshot\EachStepScreenshot\100_Suite1\sID886\step_2.png]]>
            </line>
          </reporter-output>
        </test-method> <!-- step_2 -->
        <test-method status="PASS" signature="step_3()[pri:0, instance:mID642.fID681.sID886@4566e5bd]" name="step_3" duration-ms="1146" started-at="2023-08-01T11:47:57Z" finished-at="2023-08-01T11:47:58Z">
          <reporter-output>
            <line>
              <![CDATA[Chrome]]>
            </line>
            <line>
              <![CDATA[94.0.4606.61]]>
            </line>
            <line>
              <![CDATA[E:\zap\backend\uploads\opal\manjunathpro\manjunathpl\projectToRun\.\Screenshot\EachStepScreenshot\100_Suite1\sID886\step_3.png]]>
            </line>
          </reporter-output>
        </test-method> <!-- step_3 -->
        <test-method status="PASS" signature="step_4()[pri:0, instance:mID642.fID681.sID886@4566e5bd]" name="step_4" duration-ms="5376" started-at="2023-08-01T11:47:58Z" finished-at="2023-08-01T11:48:04Z">
          <reporter-output>
            <line>
              <![CDATA[Chrome]]>
            </line>
            <line>
              <![CDATA[94.0.4606.61]]>
            </line>
            <line>
              <![CDATA[E:\zap\backend\uploads\opal\manjunathpro\manjunathpl\projectToRun\.\Screenshot\EachStepScreenshot\100_Suite1\sID886\step_4.png]]>
            </line>
          </reporter-output>
        </test-method> <!-- step_4 -->
        <test-method status="PASS" signature="step_5()[pri:0, instance:mID642.fID681.sID886@4566e5bd]" name="step_5" duration-ms="62778" started-at="2023-08-01T11:48:04Z" finished-at="2023-08-01T11:49:07Z">
          <reporter-output>
            <line>
              <![CDATA[Chrome]]>
            </line>
            <line>
              <![CDATA[94.0.4606.61]]>
            </line>
            <line>
              <![CDATA[E:\zap\backend\uploads\opal\manjunathpro\manjunathpl\projectToRun\.\Screenshot\EachStepScreenshot\100_Suite1\sID886\step_5.png]]>
            </line>
          </reporter-output>
        </test-method> <!-- step_5 -->
        <test-method status="PASS" signature="step_6()[pri:0, instance:mID642.fID681.sID886@4566e5bd]" name="step_6" duration-ms="20258" started-at="2023-08-01T11:49:07Z" finished-at="2023-08-01T11:49:27Z">
          <reporter-output>
            <line>
              <![CDATA[Chrome]]>
            </line>
            <line>
              <![CDATA[94.0.4606.61]]>
            </line>
            <line>
              <![CDATA[E:\zap\backend\uploads\opal\manjunathpro\manjunathpl\projectToRun\.\Screenshot\EachStepScreenshot\100_Suite1\sID886\step_6.png]]>
            </line>
          </reporter-output>
        </test-method> <!-- step_6 -->
      </class> <!-- mID642.fID681.sID886 -->
    </test> <!-- Test -->
  </suite> <!-- Suite -->
</testng-results>
