<?xml version="1.0" encoding="UTF-8"?>
<testng-results skipped="0" failed="0" total="7" passed="7">
  <reporter-output>
  </reporter-output>
  <suite name="Suite" duration-ms="23815" started-at="2019-03-07T04:44:07Z" finished-at="2019-03-07T04:44:30Z">
    <groups>
    </groups>
    <test name="Test" duration-ms="23815" started-at="2019-03-07T04:44:07Z" finished-at="2019-03-07T04:44:30Z">
      <class name="finalModule.finalFeature.final09999">
        <test-method status="PASS" signature="step_0()[pri:0, instance:finalModule.finalFeature.final09999@2ef5e5e3]" name="step_0" duration-ms="13576" started-at="2019-03-07T10:14:07Z" finished-at="2019-03-07T10:14:20Z">
          <reporter-output>
          </reporter-output>
        </test-method> <!-- step_0 -->
        <test-method status="PASS" signature="step_1()[pri:0, instance:finalModule.finalFeature.final09999@2ef5e5e3]" name="step_1" duration-ms="2859" started-at="2019-03-07T10:14:20Z" finished-at="2019-03-07T10:14:23Z">
          <reporter-output>
          </reporter-output>
        </test-method> <!-- step_1 -->
        <test-method status="PASS" signature="step_2()[pri:0, instance:finalModule.finalFeature.final09999@2ef5e5e3]" name="step_2" duration-ms="1194" started-at="2019-03-07T10:14:23Z" finished-at="2019-03-07T10:14:24Z">
          <reporter-output>
          </reporter-output>
        </test-method> <!-- step_2 -->
        <test-method status="PASS" signature="step_3()[pri:0, instance:finalModule.finalFeature.final09999@2ef5e5e3]" name="step_3" duration-ms="874" started-at="2019-03-07T10:14:24Z" finished-at="2019-03-07T10:14:25Z">
          <reporter-output>
          </reporter-output>
        </test-method> <!-- step_3 -->
        <test-method status="PASS" signature="step_4()[pri:0, instance:finalModule.finalFeature.final09999@2ef5e5e3]" name="step_4" duration-ms="3535" started-at="2019-03-07T10:14:25Z" finished-at="2019-03-07T10:14:29Z">
          <reporter-output>
          </reporter-output>
        </test-method> <!-- step_4 -->
        <test-method status="PASS" signature="step_5()[pri:0, instance:finalModule.finalFeature.final09999@2ef5e5e3]" name="step_5" duration-ms="1188" started-at="2019-03-07T10:14:29Z" finished-at="2019-03-07T10:14:30Z">
          <reporter-output>
          </reporter-output>
        </test-method> <!-- step_5 -->
        <test-method status="PASS" signature="step_6()[pri:0, instance:finalModule.finalFeature.final09999@2ef5e5e3]" name="step_6" duration-ms="568" started-at="2019-03-07T10:14:30Z" finished-at="2019-03-07T10:14:30Z">
          <reporter-output>
          </reporter-output>
        </test-method> <!-- step_6 -->
      </class> <!-- finalModule.finalFeature.final09999 -->
    </test> <!-- Test -->
  </suite> <!-- Suite -->
</testng-results>
