<?xml version="1.0" encoding="UTF-8"?>
<!-- Generated by org.testng.reporters.JUnitXMLReporter -->
<testsuite hostname="Opal-PC" ignored="0" name="Default test" tests="7" failures="0" timestamp="06 Mar 2019 12:01:28 GMT" time="15.49" errors="0">
  <testcase name="step_0" time="7.081" classname="finalModule.finalFeature.final09999"/>
  <testcase name="step_1" time="3.022" classname="finalModule.finalFeature.final09999"/>
  <testcase name="step_2" time="0.735" classname="finalModule.finalFeature.final09999"/>
  <testcase name="step_3" time="0.536" classname="finalModule.finalFeature.final09999"/>
  <testcase name="step_4" time="2.751" classname="finalModule.finalFeature.final09999"/>
  <testcase name="step_5" time="0.835" classname="finalModule.finalFeature.final09999"/>
  <testcase name="step_6" time="0.488" classname="finalModule.finalFeature.final09999"/>
</testsuite> <!-- Default test -->
