<?xml version="1.0" encoding="UTF-8"?>
<testsuite xmlns:xsi="http://www.w3.org/2001/XMLSchema-instance" xsi:noNamespaceSchemaLocation="https://maven.apache.org/surefire/maven-surefire-plugin/xsd/surefire-test-report.xsd" name="TestSuite" time="2.882" tests="4" errors="0" skipped="0" failures="4">
  <properties>
[...]
</properties>
  <testcase name="step_0" classname="mID638.fID677.sID880" time="1.634">
    <failure type="java.lang.NullPointerException">java.lang.NullPointerException
	at mID638.fID677.sID880.step_0(sID880.java:69)
</failure>
    <system-out><![CDATA[./src/test/java/mID638/fID677/
./src/test/java/mID638/fID677/
./src/test/java/mID638/fID677/
./src/test/java/mID638/fID677/
false
false
File is Main
path is E:\zap\backend\uploads\opal\reportpro\reportpl\projectToRun\.\Screenshot\EachStepScreenshot\100_Suite1\sID880
File is Main
path1 is E:\zap\backend\uploads\opal\reportpro\reportpl\projectToRun\.\Screenshot\FailedScreenshot\100_Suite1\sID880
./src/test/java/mID638/fID677/
./src/test/java/mID638/fID677/
./src/test/java/mID638/fID677/
./src/test/java/mID638/fID677/
./src/test/java/mID638/fID677/
./src/test/java/mID638/fID677/
./src/test/java/mID638/fID677/
org.zaproxy.clientapi.core.ClientApi@1a8a8f7c
///////////////////////////////////////////Proxy///////////////////////////////////////////////////////
Launching Google browser
Before setProxyProxy(manual, http=http://192.168.99.254:8080, ssl=http://192.168.99.254:8080)
Before setProxy
Capabilities {acceptInsecureCerts: true, browser: Chrome, browserName: chrome, browser_version: 93.0.4577.63, goog:chromeOptions: {args: [--no-sandbox, --disable-dev-shm-usage], extensions: []}, proxy: Proxy(manual, http=http://1...}
Before RemoteWebDriver
]]></system-out>
  </testcase>
  <testcase name="step_1" classname="mID638.fID677.sID880" time="0.002">
    <failure type="java.lang.NullPointerException">java.lang.NullPointerException
	at mID638.fID677.sID880.step_1(sID880.java:102)
</failure>
  </testcase>
  <testcase name="step_2" classname="mID638.fID677.sID880" time="0.17">
    <failure type="java.lang.NullPointerException">java.lang.NullPointerException
	at mID638.fID677.sID880.step_2(sID880.java:137)
</failure>
    <system-out><![CDATA[///////////////////////////starting passive scan//////////////////////////
]]></system-out>
    <system-err><![CDATA[org.zaproxy.clientapi.core.ClientApiException: java.net.SocketException: Unexpected end of file from server
	at org.zaproxy.clientapi.core.ClientApi.callApiDom(ClientApi.java:385)
	at org.zaproxy.clientapi.core.ClientApi.callApi(ClientApi.java:369)
	at org.zaproxy.clientapi.gen.Pscan.recordsToScan(Pscan.java:48)
	at reuseablePackage.feature.AllActions.passiveScan(AllActions.java:305)
	at mID638.fID677.sID880.step_2(sID880.java:121)
	at sun.reflect.NativeMethodAccessorImpl.invoke0(Native Method)
	at sun.reflect.NativeMethodAccessorImpl.invoke(NativeMethodAccessorImpl.java:62)
	at sun.reflect.DelegatingMethodAccessorImpl.invoke(DelegatingMethodAccessorImpl.java:43)
	at java.lang.reflect.Method.invoke(Method.java:498)
	at org.testng.internal.MethodInvocationHelper.invokeMethod(MethodInvocationHelper.java:80)
	at org.testng.internal.Invoker.invokeMethod(Invoker.java:714)
	at org.testng.internal.Invoker.invokeTestMethod(Invoker.java:901)
	at org.testng.internal.Invoker.invokeTestMethods(Invoker.java:1231)
	at org.testng.internal.TestMethodWorker.invokeTestMethods(TestMethodWorker.java:127)
	at org.testng.internal.TestMethodWorker.run(TestMethodWorker.java:111)
	at org.testng.TestRunner.privateRun(TestRunner.java:767)
	at org.testng.TestRunner.run(TestRunner.java:617)
	at org.testng.SuiteRunner.runTest(SuiteRunner.java:334)
	at org.testng.SuiteRunner.runSequentially(SuiteRunner.java:329)
	at org.testng.SuiteRunner.privateRun(SuiteRunner.java:291)
	at org.testng.SuiteRunner.run(SuiteRunner.java:240)
	at org.testng.SuiteRunnerWorker.runSuite(SuiteRunnerWorker.java:52)
	at org.testng.SuiteRunnerWorker.run(SuiteRunnerWorker.java:86)
	at org.testng.TestNG.runSuitesSequentially(TestNG.java:1198)
	at org.testng.TestNG.runSuitesLocally(TestNG.java:1123)
	at org.testng.TestNG.run(TestNG.java:1031)
	at org.apache.maven.surefire.testng.TestNGExecutor.run(TestNGExecutor.java:283)
	at org.apache.maven.surefire.testng.TestNGXmlTestSuite.execute(TestNGXmlTestSuite.java:75)
	at org.apache.maven.surefire.testng.TestNGProvider.invoke(TestNGProvider.java:120)
	at org.apache.maven.surefire.booter.ForkedBooter.invokeProviderInSameClassLoader(ForkedBooter.java:384)
	at org.apache.maven.surefire.booter.ForkedBooter.runSuitesInProcess(ForkedBooter.java:345)
	at org.apache.maven.surefire.booter.ForkedBooter.execute(ForkedBooter.java:126)
	at org.apache.maven.surefire.booter.ForkedBooter.main(ForkedBooter.java:418)
Caused by: java.net.SocketException: Unexpected end of file from server
	at sun.net.www.http.HttpClient.parseHTTPHeader(HttpClient.java:851)
	at sun.net.www.http.HttpClient.parseHTTP(HttpClient.java:678)
	at sun.net.www.http.HttpClient.parseHTTPHeader(HttpClient.java:848)
	at sun.net.www.http.HttpClient.parseHTTP(HttpClient.java:678)
	at sun.net.www.protocol.http.HttpURLConnection.getInputStream0(HttpURLConnection.java:1593)
	at sun.net.www.protocol.http.HttpURLConnection.getInputStream(HttpURLConnection.java:1498)
	at java.net.HttpURLConnection.getResponseCode(HttpURLConnection.java:480)
	at org.zaproxy.clientapi.core.ClientApi.getConnectionInputStream(ClientApi.java:418)
	at org.zaproxy.clientapi.core.ClientApi.callApiDom(ClientApi.java:383)
	... 32 more
]]></system-err>
  </testcase>
  <testcase name="step_3" classname="mID638.fID677.sID880" time="0">
    <failure type="java.lang.NullPointerException">java.lang.NullPointerException
	at mID638.fID677.sID880.step_3(sID880.java:177)
</failure>
  </testcase>
</testsuite>