<?xml version="1.0" encoding="UTF-8"?>
<!-- Generated by org.testng.reporters.JUnitXMLReporter -->
<testsuite hostname="DESKTOP-BSP7K24" name="Test" tests="7" failures="0" timestamp="19 May 2023 11:38:00 GMT" time="245.485" errors="0">
  <testcase name="step_0" time="5.818" classname="mID637.fID676.sID879"/>
  <testcase name="step_1" time="6.379" classname="mID637.fID676.sID879"/>
  <testcase name="step_2" time="2.996" classname="mID637.fID676.sID879"/>
  <testcase name="step_3" time="2.485" classname="mID637.fID676.sID879"/>
  <testcase name="step_4" time="4.396" classname="mID637.fID676.sID879"/>
  <testcase name="step_5" time="209.003" classname="mID637.fID676.sID879"/>
  <testcase name="step_6" time="14.373" classname="mID637.fID676.sID879"/>
</testsuite> <!-- Test -->
