<?xml version="1.0" encoding="UTF-8"?>
<testng-results skipped="0" failed="0" ignored="0" total="1" passed="1">
  <reporter-output>
  </reporter-output>
  <suite name="Default suite" duration-ms="45282" started-at="2018-12-13T07:27:01Z" finished-at="2018-12-13T07:27:46Z">
    <groups>
    </groups>
    <test name="Default test" duration-ms="45282" started-at="2018-12-13T07:27:01Z" finished-at="2018-12-13T07:27:46Z">
      <class name="com.opal.test.Execution">
        <test-method status="PASS" signature="Run()[pri:0, instance:com.opal.test.Execution@5ec0a365]" name="Run" duration-ms="45240" started-at="2018-12-13T07:27:01Z" finished-at="2018-12-13T07:27:46Z">
          <reporter-output>
          </reporter-output>
        </test-method> <!-- Run -->
      </class> <!-- com.opal.test.Execution -->
    </test> <!-- Default test -->
  </suite> <!-- Default suite -->
</testng-results>
