<?xml version="1.0" encoding="UTF-8"?>
<!-- Generated by org.testng.reporters.JUnitXMLReporter -->
<testsuite hostname="DESKTOP-BSP7K24" name="Test" tests="7" failures="0" timestamp="25 May 2023 14:15:58 GMT" time="229.669" errors="0">
  <testcase name="step_0" time="8.334" classname="mID639.fID678.sID882"/>
  <testcase name="step_1" time="7.117" classname="mID639.fID678.sID882"/>
  <testcase name="step_2" time="1.936" classname="mID639.fID678.sID882"/>
  <testcase name="step_3" time="3.228" classname="mID639.fID678.sID882"/>
  <testcase name="step_4" time="2.762" classname="mID639.fID678.sID882"/>
  <testcase name="step_5" time="193.273" classname="mID639.fID678.sID882"/>
  <testcase name="step_6" time="12.994" classname="mID639.fID678.sID882"/>
</testsuite> <!-- Test -->
