<?xml version="1.0" encoding="UTF-8"?>
<testsuite xmlns:xsi="http://www.w3.org/2001/XMLSchema-instance" xsi:noNamespaceSchemaLocation="https://maven.apache.org/surefire/maven-surefire-plugin/xsd/surefire-test-report.xsd" name="TestSuite" time="230.86" tests="7" errors="0" skipped="0" failures="0">
  <properties>
[...]
</properties>
  <testcase name="step_0" classname="mID639.fID678.sID882" time="8.333"/>
  <testcase name="step_1" classname="mID639.fID678.sID882" time="7.114"/>
  <testcase name="step_2" classname="mID639.fID678.sID882" time="1.932"/>
  <testcase name="step_3" classname="mID639.fID678.sID882" time="3.229"/>
  <testcase name="step_4" classname="mID639.fID678.sID882" time="2.762"/>
  <testcase name="step_5" classname="mID639.fID678.sID882" time="193.273"/>
  <testcase name="step_6" classname="mID639.fID678.sID882" time="12.993"/>
</testsuite>