<?xml version="1.0" encoding="UTF-8"?>
<testsuite xmlns:xsi="http://www.w3.org/2001/XMLSchema-instance" xsi:noNamespaceSchemaLocation="https://maven.apache.org/surefire/maven-surefire-plugin/xsd/surefire-test-report.xsd" name="TestSuite" time="25.768" tests="7" errors="0" skipped="0" failures="0">
  <properties>
[...]
</properties>
  <testcase name="step_0" classname="finalModule.finalFeature.final09999" time="13.575"/>
  <testcase name="step_1" classname="finalModule.finalFeature.final09999" time="2.858"/>
  <testcase name="step_2" classname="finalModule.finalFeature.final09999" time="1.186"/>
  <testcase name="step_3" classname="finalModule.finalFeature.final09999" time="0.874"/>
  <testcase name="step_4" classname="finalModule.finalFeature.final09999" time="3.542"/>
  <testcase name="step_5" classname="finalModule.finalFeature.final09999" time="1.182"/>
  <testcase name="step_6" classname="finalModule.finalFeature.final09999" time="0.566"/>
</testsuite>