<?xml version="1.0" encoding="UTF-8"?>
<!-- Generated by org.testng.reporters.JUnitXMLReporter -->
<testsuite hostname="Opal-PC" ignored="0" name="Test" tests="7" failures="7" timestamp="06 Mar 2019 09:58:23 GMT" time="0.19" errors="0">
  <testcase name="step_0" time="0.075" classname="marchModule06Again.marchFeature06Again.marchScript06Again">
    <failure type="java.lang.NullPointerException">
      <![CDATA[java.lang.NullPointerException
at reuseablePackage.feature.AllActions.CaptureOnFailure(AllActions.java:824)
at marchModule06Again.marchFeature06Again.marchScript06Again.step_0(marchScript06Again.java:40)
... Removed 25 stack frames]]>
    </failure>
  </testcase> <!-- step_0 -->
  <testcase name="step_1" time="0.002" classname="marchModule06Again.marchFeature06Again.marchScript06Again">
    <failure type="java.lang.NullPointerException">
      <![CDATA[java.lang.NullPointerException
at reuseablePackage.feature.AllActions.CaptureOnFailure(AllActions.java:824)
at marchModule06Again.marchFeature06Again.marchScript06Again.step_1(marchScript06Again.java:57)
... Removed 25 stack frames]]>
    </failure>
  </testcase> <!-- step_1 -->
  <testcase name="step_2" time="0.041" classname="marchModule06Again.marchFeature06Again.marchScript06Again">
    <failure type="java.lang.NullPointerException">
      <![CDATA[java.lang.NullPointerException
at reuseablePackage.feature.AllActions.CaptureOnFailure(AllActions.java:824)
at marchModule06Again.marchFeature06Again.marchScript06Again.step_2(marchScript06Again.java:74)
... Removed 25 stack frames]]>
    </failure>
  </testcase> <!-- step_2 -->
  <testcase name="step_3" time="0.005" classname="marchModule06Again.marchFeature06Again.marchScript06Again">
    <failure type="java.lang.NullPointerException">
      <![CDATA[java.lang.NullPointerException
at reuseablePackage.feature.AllActions.CaptureOnFailure(AllActions.java:824)
at marchModule06Again.marchFeature06Again.marchScript06Again.step_3(marchScript06Again.java:91)
... Removed 25 stack frames]]>
    </failure>
  </testcase> <!-- step_3 -->
  <testcase name="step_4" time="0.003" classname="marchModule06Again.marchFeature06Again.marchScript06Again">
    <failure type="java.lang.NullPointerException">
      <![CDATA[java.lang.NullPointerException
at reuseablePackage.feature.AllActions.CaptureOnFailure(AllActions.java:824)
at marchModule06Again.marchFeature06Again.marchScript06Again.step_4(marchScript06Again.java:108)
... Removed 25 stack frames]]>
    </failure>
  </testcase> <!-- step_4 -->
  <testcase name="step_5" time="0.005" classname="marchModule06Again.marchFeature06Again.marchScript06Again">
    <failure type="java.lang.NullPointerException">
      <![CDATA[java.lang.NullPointerException
at reuseablePackage.feature.AllActions.CaptureOnFailure(AllActions.java:824)
at marchModule06Again.marchFeature06Again.marchScript06Again.step_5(marchScript06Again.java:125)
... Removed 25 stack frames]]>
    </failure>
  </testcase> <!-- step_5 -->
  <testcase name="step_6" time="0.006" classname="marchModule06Again.marchFeature06Again.marchScript06Again">
    <failure type="java.lang.NullPointerException">
      <![CDATA[java.lang.NullPointerException
at reuseablePackage.feature.AllActions.CaptureOnFailure(AllActions.java:824)
at marchModule06Again.marchFeature06Again.marchScript06Again.step_6(marchScript06Again.java:142)
... Removed 25 stack frames]]>
    </failure>
  </testcase> <!-- step_6 -->
</testsuite> <!-- Test -->
