<?xml version="1.0" encoding="UTF-8"?>
<!-- Generated by org.testng.reporters.JUnitXMLReporter -->
<testsuite hostname="Opal-PC" name="Test" tests="7" failures="0" timestamp="7 Mar 2019 04:44:30 GMT" time="23.815" errors="0">
  <testcase name="step_0" time="13.576" classname="finalModule.finalFeature.final09999"/>
  <testcase name="step_1" time="2.859" classname="finalModule.finalFeature.final09999"/>
  <testcase name="step_2" time="1.194" classname="finalModule.finalFeature.final09999"/>
  <testcase name="step_3" time="0.874" classname="finalModule.finalFeature.final09999"/>
  <testcase name="step_4" time="3.535" classname="finalModule.finalFeature.final09999"/>
  <testcase name="step_5" time="1.188" classname="finalModule.finalFeature.final09999"/>
  <testcase name="step_6" time="0.568" classname="finalModule.finalFeature.final09999"/>
</testsuite> <!-- Test -->
