<?xml version="1.0" encoding="UTF-8"?>
<!-- Generated by org.testng.reporters.JUnitXMLReporter -->
<testsuite hostname="DESKTOP-BSP7K24" name="Opal1" tests="2" failures="2" timestamp="14 Jun 2023 04:09:01 GMT" time="22.747" errors="0">
  <testcase name="step_0" time="22.711" classname="mID641.fID680.sID884">
    <failure type="java.lang.NullPointerException">
      <![CDATA[java.lang.NullPointerException
	at reuseablePackage.feature.AllActions.CaptureOnFailure(AllActions.java:1570)
	at mID641.fID680.sID884.step_0(sID884.java:65)
	at java.util.concurrent.FutureTask.run(FutureTask.java:266)
	at java.util.concurrent.ThreadPoolExecutor.runWorker(ThreadPoolExecutor.java:1149)
	at java.util.concurrent.ThreadPoolExecutor$Worker.run(ThreadPoolExecutor.java:624)
	at java.lang.Thread.run(Thread.java:748)
... Removed 16 stack frames]]>
    </failure>
  </testcase> <!-- step_0 -->
  <testcase name="step_1" time="0.001" classname="mID641.fID680.sID884">
    <failure type="java.lang.NullPointerException">
      <![CDATA[java.lang.NullPointerException
	at reuseablePackage.feature.AllActions.CaptureOnFailure(AllActions.java:1570)
	at mID641.fID680.sID884.step_1(sID884.java:103)
	at java.util.concurrent.FutureTask.run(FutureTask.java:266)
	at java.util.concurrent.ThreadPoolExecutor.runWorker(ThreadPoolExecutor.java:1149)
	at java.util.concurrent.ThreadPoolExecutor$Worker.run(ThreadPoolExecutor.java:624)
	at java.lang.Thread.run(Thread.java:748)
... Removed 16 stack frames]]>
    </failure>
  </testcase> <!-- step_1 -->
</testsuite> <!-- Opal1 -->
